<?xml version="1.0" encoding="UTF-8"?>
<testng-results skipped="2" failed="0" ignored="0" total="20" passed="18">
  <reporter-output>
  </reporter-output>
  <suite name="Suite" duration-ms="27918" started-at="2022-02-16T18:28:48Z" finished-at="2022-02-16T18:29:15Z">
    <groups>
    </groups>
    <test name="Test" duration-ms="27918" started-at="2022-02-16T18:28:48Z" finished-at="2022-02-16T18:29:15Z">
      <class name="com.tests.LoginPageTest">
        <test-method status="PASS" signature="SetUp()[pri:0, instance:com.tests.LoginPageTest@731a74c]" name="SetUp" is-config="true" duration-ms="182" started-at="2022-02-16T18:28:47Z" finished-at="2022-02-16T18:28:48Z">
          <reporter-output>
          </reporter-output>
        </test-method> <!-- SetUp -->
        <test-method status="PASS" signature="BeforeClassLoginPage()[pri:0, instance:com.tests.LoginPageTest@731a74c]" name="BeforeClassLoginPage" is-config="true" duration-ms="6011" started-at="2022-02-16T18:28:48Z" finished-at="2022-02-16T18:28:54Z">
          <reporter-output>
          </reporter-output>
        </test-method> <!-- BeforeClassLoginPage -->
        <test-method status="PASS" signature="verify_LoginPage_CorrectCredential()[pri:0, instance:com.tests.LoginPageTest@731a74c]" name="verify_LoginPage_CorrectCredential" duration-ms="13968" started-at="2022-02-16T18:28:54Z" finished-at="2022-02-16T18:29:08Z">
          <reporter-output>
          </reporter-output>
        </test-method> <!-- verify_LoginPage_CorrectCredential -->
        <test-method status="PASS" signature="verify_LoginPage_Invalid_EmailError()[pri:0, instance:com.tests.LoginPageTest@731a74c]" name="verify_LoginPage_Invalid_EmailError" duration-ms="366" started-at="2022-02-16T18:29:08Z" finished-at="2022-02-16T18:29:08Z">
          <reporter-output>
          </reporter-output>
        </test-method> <!-- verify_LoginPage_Invalid_EmailError -->
        <test-method status="PASS" signature="verify_LoginPage_JBKLogo()[pri:0, instance:com.tests.LoginPageTest@731a74c]" name="verify_LoginPage_JBKLogo" duration-ms="81" started-at="2022-02-16T18:29:08Z" finished-at="2022-02-16T18:29:08Z">
          <reporter-output>
          </reporter-output>
        </test-method> <!-- verify_LoginPage_JBKLogo -->
        <test-method status="PASS" signature="verify_LoginPage_JBKName()[pri:0, instance:com.tests.LoginPageTest@731a74c]" name="verify_LoginPage_JBKName" duration-ms="35" started-at="2022-02-16T18:29:08Z" finished-at="2022-02-16T18:29:08Z">
          <reporter-output>
          </reporter-output>
        </test-method> <!-- verify_LoginPage_JBKName -->
        <test-method status="PASS" signature="verify_LoginPage_NoData_Error()[pri:0, instance:com.tests.LoginPageTest@731a74c]" name="verify_LoginPage_NoData_Error" duration-ms="296" started-at="2022-02-16T18:29:08Z" finished-at="2022-02-16T18:29:08Z">
          <reporter-output>
          </reporter-output>
        </test-method> <!-- verify_LoginPage_NoData_Error -->
        <test-method status="PASS" signature="verify_LoginPage_RegisterMembershipClickable()[pri:0, instance:com.tests.LoginPageTest@731a74c]" name="verify_LoginPage_RegisterMembershipClickable" duration-ms="225" started-at="2022-02-16T18:29:08Z" finished-at="2022-02-16T18:29:09Z">
          <reporter-output>
          </reporter-output>
        </test-method> <!-- verify_LoginPage_RegisterMembershipClickable -->
        <test-method status="PASS" signature="verify_LoginPage_RegisterMembershipText()[pri:0, instance:com.tests.LoginPageTest@731a74c]" name="verify_LoginPage_RegisterMembershipText" duration-ms="46" started-at="2022-02-16T18:29:09Z" finished-at="2022-02-16T18:29:09Z">
          <reporter-output>
          </reporter-output>
        </test-method> <!-- verify_LoginPage_RegisterMembershipText -->
        <test-method status="SKIP" signature="verify_LoginPage_Scenario()[pri:0, instance:com.tests.LoginPageTest@731a74c]" name="verify_LoginPage_Scenario" duration-ms="3" started-at="2022-02-16T18:29:09Z" finished-at="2022-02-16T18:29:09Z">
          <exception class="org.testng.SkipException">
            <message>
              <![CDATA[LoginPage Scenario depends on DashboardPage]]>
            </message>
            <full-stacktrace>
              <![CDATA[org.testng.SkipException: LoginPage Scenario depends on DashboardPage
at com.tests.LoginPageTest.verify_LoginPage_Scenario(LoginPageTest.java:138)
at sun.reflect.NativeMethodAccessorImpl.invoke0(Native Method)
at sun.reflect.NativeMethodAccessorImpl.invoke(NativeMethodAccessorImpl.java:62)
at sun.reflect.DelegatingMethodAccessorImpl.invoke(DelegatingMethodAccessorImpl.java:43)
at java.lang.reflect.Method.invoke(Method.java:498)
at org.testng.internal.MethodInvocationHelper.invokeMethod(MethodInvocationHelper.java:124)
at org.testng.internal.Invoker.invokeMethod(Invoker.java:583)
at org.testng.internal.Invoker.invokeTestMethod(Invoker.java:719)
at org.testng.internal.Invoker.invokeTestMethods(Invoker.java:989)
at org.testng.internal.TestMethodWorker.invokeTestMethods(TestMethodWorker.java:125)
at org.testng.internal.TestMethodWorker.run(TestMethodWorker.java:109)
at org.testng.TestRunner.privateRun(TestRunner.java:648)
at org.testng.TestRunner.run(TestRunner.java:505)
at org.testng.SuiteRunner.runTest(SuiteRunner.java:455)
at org.testng.SuiteRunner.runSequentially(SuiteRunner.java:450)
at org.testng.SuiteRunner.privateRun(SuiteRunner.java:415)
at org.testng.SuiteRunner.run(SuiteRunner.java:364)
at org.testng.SuiteRunnerWorker.runSuite(SuiteRunnerWorker.java:52)
at org.testng.SuiteRunnerWorker.run(SuiteRunnerWorker.java:84)
at org.testng.TestNG.runSuitesSequentially(TestNG.java:1208)
at org.testng.TestNG.runSuitesLocally(TestNG.java:1137)
at org.testng.TestNG.runSuites(TestNG.java:1049)
at org.testng.TestNG.run(TestNG.java:1017)
at org.testng.remote.AbstractRemoteTestNG.run(AbstractRemoteTestNG.java:115)
at org.testng.remote.RemoteTestNG.initAndRun(RemoteTestNG.java:251)
at org.testng.remote.RemoteTestNG.main(RemoteTestNG.java:77)
]]>
            </full-stacktrace>
          </exception> <!-- org.testng.SkipException -->
          <reporter-output>
          </reporter-output>
        </test-method> <!-- verify_LoginPage_Scenario -->
        <test-method status="PASS" signature="verify_LoginPage_StartSessionText()[pri:0, instance:com.tests.LoginPageTest@731a74c]" name="verify_LoginPage_StartSessionText" duration-ms="43" started-at="2022-02-16T18:29:09Z" finished-at="2022-02-16T18:29:09Z">
          <reporter-output>
          </reporter-output>
        </test-method> <!-- verify_LoginPage_StartSessionText -->
        <test-method status="PASS" signature="verify_LoginPage_Title()[pri:0, instance:com.tests.LoginPageTest@731a74c]" name="verify_LoginPage_Title" duration-ms="13" started-at="2022-02-16T18:29:09Z" finished-at="2022-02-16T18:29:09Z">
          <reporter-output>
          </reporter-output>
        </test-method> <!-- verify_LoginPage_Title -->
        <test-method status="PASS" signature="verify_LoginPage_WrongEmail_WrongPassword()[pri:0, instance:com.tests.LoginPageTest@731a74c]" name="verify_LoginPage_WrongEmail_WrongPassword" duration-ms="397" started-at="2022-02-16T18:29:09Z" finished-at="2022-02-16T18:29:09Z">
          <reporter-output>
          </reporter-output>
        </test-method> <!-- verify_LoginPage_WrongEmail_WrongPassword -->
        <test-method status="PASS" signature="AfetrClass_LoginPage()[pri:0, instance:com.tests.LoginPageTest@731a74c]" name="AfetrClass_LoginPage" is-config="true" duration-ms="66" started-at="2022-02-16T18:29:09Z" finished-at="2022-02-16T18:29:09Z">
          <reporter-output>
          </reporter-output>
        </test-method> <!-- AfetrClass_LoginPage -->
        <test-method status="PASS" signature="tearDown()[pri:0, instance:com.tests.LoginPageTest@731a74c]" name="tearDown" is-config="true" duration-ms="570" started-at="2022-02-16T18:29:16Z" finished-at="2022-02-16T18:29:16Z">
          <reporter-output>
          </reporter-output>
        </test-method> <!-- tearDown -->
      </class> <!-- com.tests.LoginPageTest -->
      <class name="com.tests.RegistrationPageTest">
        <test-method status="PASS" signature="BeforelassRegPage()[pri:0, instance:com.tests.RegistrationPageTest@369f73a2]" name="BeforelassRegPage" is-config="true" duration-ms="4750" started-at="2022-02-16T18:29:09Z" finished-at="2022-02-16T18:29:14Z">
          <reporter-output>
          </reporter-output>
        </test-method> <!-- BeforelassRegPage -->
        <test-method status="PASS" signature="verify_RegPage_AlreadyMembership_Clickable()[pri:0, instance:com.tests.RegistrationPageTest@369f73a2]" name="verify_RegPage_AlreadyMembership_Clickable" duration-ms="242" started-at="2022-02-16T18:29:14Z" finished-at="2022-02-16T18:29:14Z">
          <reporter-output>
          </reporter-output>
        </test-method> <!-- verify_RegPage_AlreadyMembership_Clickable -->
        <test-method status="PASS" signature="verify_RegPage_AlreadyMembership_Text()[pri:0, instance:com.tests.RegistrationPageTest@369f73a2]" name="verify_RegPage_AlreadyMembership_Text" duration-ms="44" started-at="2022-02-16T18:29:14Z" finished-at="2022-02-16T18:29:14Z">
          <reporter-output>
          </reporter-output>
        </test-method> <!-- verify_RegPage_AlreadyMembership_Text -->
        <test-method status="PASS" signature="verify_RegPage_Form_AllError()[pri:0, instance:com.tests.RegistrationPageTest@369f73a2]" name="verify_RegPage_Form_AllError" duration-ms="161" started-at="2022-02-16T18:29:14Z" finished-at="2022-02-16T18:29:14Z">
          <reporter-output>
          </reporter-output>
        </test-method> <!-- verify_RegPage_Form_AllError -->
        <test-method status="PASS" signature="verify_RegPage_JBKText()[pri:0, instance:com.tests.RegistrationPageTest@369f73a2]" name="verify_RegPage_JBKText" duration-ms="28" started-at="2022-02-16T18:29:14Z" finished-at="2022-02-16T18:29:14Z">
          <reporter-output>
          </reporter-output>
        </test-method> <!-- verify_RegPage_JBKText -->
        <test-method status="PASS" signature="verify_RegPage_PopUp_Text()[pri:0, instance:com.tests.RegistrationPageTest@369f73a2]" name="verify_RegPage_PopUp_Text" duration-ms="470" started-at="2022-02-16T18:29:14Z" finished-at="2022-02-16T18:29:15Z">
          <reporter-output>
          </reporter-output>
        </test-method> <!-- verify_RegPage_PopUp_Text -->
        <test-method status="PASS" signature="verify_RegPage_RegisterMembershipText()[pri:0, instance:com.tests.RegistrationPageTest@369f73a2]" name="verify_RegPage_RegisterMembershipText" duration-ms="29" started-at="2022-02-16T18:29:15Z" finished-at="2022-02-16T18:29:15Z">
          <reporter-output>
          </reporter-output>
        </test-method> <!-- verify_RegPage_RegisterMembershipText -->
        <test-method status="SKIP" signature="verify_RegPage_Scenario()[pri:0, instance:com.tests.RegistrationPageTest@369f73a2]" name="verify_RegPage_Scenario" duration-ms="0" started-at="2022-02-16T18:29:15Z" finished-at="2022-02-16T18:29:15Z">
          <exception class="org.testng.SkipException">
            <message>
              <![CDATA[RegPage Scenario depends on LoginPage]]>
            </message>
            <full-stacktrace>
              <![CDATA[org.testng.SkipException: RegPage Scenario depends on LoginPage
at com.tests.RegistrationPageTest.verify_RegPage_Scenario(RegistrationPageTest.java:115)
at sun.reflect.NativeMethodAccessorImpl.invoke0(Native Method)
at sun.reflect.NativeMethodAccessorImpl.invoke(NativeMethodAccessorImpl.java:62)
at sun.reflect.DelegatingMethodAccessorImpl.invoke(DelegatingMethodAccessorImpl.java:43)
at java.lang.reflect.Method.invoke(Method.java:498)
at org.testng.internal.MethodInvocationHelper.invokeMethod(MethodInvocationHelper.java:124)
at org.testng.internal.Invoker.invokeMethod(Invoker.java:583)
at org.testng.internal.Invoker.invokeTestMethod(Invoker.java:719)
at org.testng.internal.Invoker.invokeTestMethods(Invoker.java:989)
at org.testng.internal.TestMethodWorker.invokeTestMethods(TestMethodWorker.java:125)
at org.testng.internal.TestMethodWorker.run(TestMethodWorker.java:109)
at org.testng.TestRunner.privateRun(TestRunner.java:648)
at org.testng.TestRunner.run(TestRunner.java:505)
at org.testng.SuiteRunner.runTest(SuiteRunner.java:455)
at org.testng.SuiteRunner.runSequentially(SuiteRunner.java:450)
at org.testng.SuiteRunner.privateRun(SuiteRunner.java:415)
at org.testng.SuiteRunner.run(SuiteRunner.java:364)
at org.testng.SuiteRunnerWorker.runSuite(SuiteRunnerWorker.java:52)
at org.testng.SuiteRunnerWorker.run(SuiteRunnerWorker.java:84)
at org.testng.TestNG.runSuitesSequentially(TestNG.java:1208)
at org.testng.TestNG.runSuitesLocally(TestNG.java:1137)
at org.testng.TestNG.runSuites(TestNG.java:1049)
at org.testng.TestNG.run(TestNG.java:1017)
at org.testng.remote.AbstractRemoteTestNG.run(AbstractRemoteTestNG.java:115)
at org.testng.remote.RemoteTestNG.initAndRun(RemoteTestNG.java:251)
at org.testng.remote.RemoteTestNG.main(RemoteTestNG.java:77)
]]>
            </full-stacktrace>
          </exception> <!-- org.testng.SkipException -->
          <reporter-output>
          </reporter-output>
        </test-method> <!-- verify_RegPage_Scenario -->
        <test-method status="PASS" signature="verify_RegPage_Successful_PopUp_Handled()[pri:0, instance:com.tests.RegistrationPageTest@369f73a2]" name="verify_RegPage_Successful_PopUp_Handled" duration-ms="436" started-at="2022-02-16T18:29:15Z" finished-at="2022-02-16T18:29:15Z">
          <reporter-output>
          </reporter-output>
        </test-method> <!-- verify_RegPage_Successful_PopUp_Handled -->
        <test-method status="PASS" signature="verify_RegPage_Title()[pri:0, instance:com.tests.RegistrationPageTest@369f73a2]" name="verify_RegPage_Title" duration-ms="4" started-at="2022-02-16T18:29:15Z" finished-at="2022-02-16T18:29:15Z">
          <reporter-output>
          </reporter-output>
        </test-method> <!-- verify_RegPage_Title -->
        <test-method status="PASS" signature="AfetrClass_RegPage()[pri:0, instance:com.tests.RegistrationPageTest@369f73a2]" name="AfetrClass_RegPage" is-config="true" duration-ms="62" started-at="2022-02-16T18:29:15Z" finished-at="2022-02-16T18:29:15Z">
          <reporter-output>
          </reporter-output>
        </test-method> <!-- AfetrClass_RegPage -->
      </class> <!-- com.tests.RegistrationPageTest -->
    </test> <!-- Test -->
  </suite> <!-- Suite -->
</testng-results>
